
--------------------------------------------------
TXLib соболезнует...

Программа: C:\Рубцов Александр\multfilm-main\multfilm-main\bin\Debug\мультфильм алекс.exe, файл: c:\codeblocks\codeblocks\mingw\include\txlib.h, строка: 13222, функция: HPEN__* {anonymous}::TX::txSetColor(COLORREF, double, HDC),

Сообщение: Окно рисования не создано или не в порядке.
Если вы указали параметр "dc", то он неверен.

#1: TXLib [Ver: 00173a, Rev: 173, Date: 2024-06-23 22:37:05 +0400], Instance: 0x005072FC (32-bit), Flags: CMdrE0, Thread: 0xE98 (Main). 

--------------------------------------------------
Стек вызовов:



--------------------------------------------------
Стек вызовов TX:

# 0 in HPEN__* {anonymous}::TX::txSetColor(COLORREF, double, HDC) at c:\codeblocks\codeblocks\mingw\include\txlib.h:13222:

  13220: HPEN txSetColor (COLORREF color, double thickness /*= 1*/, HDC dc /*= txDC()*/)
  13221:     {
=>13222: $1  if (_TX_DEFAULT_HDC_FAILED (dc)) return NULL;
  13223: 
  13224: $   HPEN pen = Win32::CreatePen ((color == TX_TRANSPARENT? PS_NULL : PS_SOLID), ROUND (thickness), color);

# 1 in void drawFon() at C:\Рубцов Александр\multfilm-main\multfilm-main\main.cpp:5:

      3: void drawFon()
      4: {
=>    5:     txSetColor (TX_BLUE);
      6:     txSetFillColor (TX_BLUE);
      7:     txRectangle(0,0,800,600);

--------------------------------------------------
Developed with:

The Dumb Artist Library (TX Library)
TXLib [Ver: 00173a, Rev: 173, Date: 2024-06-23 22:37:05 +0400]
Copyright (C) Ded (Ilya Dedinsky, http://txlib.ru) <mail@txlib.ru>
See license on: http://txlib.ru

TXLib file:	c:\codeblocks\codeblocks\mingw\include\txlib.h
Compiled:	Oct 31 2024 10:15:55, GNU g++ 4.8.1, std=201103L, MinGW Runtime 3.20, 32-bit, DEBUG
Started:	Oct 31 2024 10:16:12

Run file:	C:\Рубцов Александр\multfilm-main\multfilm-main\bin\Debug\мультфильм алекс.exe
Directory:	C:\Рубцов Александр\multfilm-main\multfilm-main

--------------------------------------------------

--------------------------------------------------
TXLib соболезнует...

Программа: C:\Рубцов Александр\multfilm-main\multfilm-main\bin\Debug\мультфильм алекс.exe, файл: c:\codeblocks\codeblocks\mingw\include\txlib.h, строка: 13222, функция: HPEN__* {anonymous}::TX::txSetColor(COLORREF, double, HDC),

Сообщение: Окно рисования не создано или не в порядке.
Если вы указали параметр "dc", то он неверен.

#1: TXLib [Ver: 00173a, Rev: 173, Date: 2024-06-23 22:37:05 +0400], Instance: 0x005072FC (32-bit), Flags: CMdrE0, Thread: 0x3D4 (Main). 

--------------------------------------------------
Стек вызовов:



--------------------------------------------------
Стек вызовов TX:

# 0 in HPEN__* {anonymous}::TX::txSetColor(COLORREF, double, HDC) at c:\codeblocks\codeblocks\mingw\include\txlib.h:13222:

  13220: HPEN txSetColor (COLORREF color, double thickness /*= 1*/, HDC dc /*= txDC()*/)
  13221:     {
=>13222: $1  if (_TX_DEFAULT_HDC_FAILED (dc)) return NULL;
  13223: 
  13224: $   HPEN pen = Win32::CreatePen ((color == TX_TRANSPARENT? PS_NULL : PS_SOLID), ROUND (thickness), color);

# 1 in void drawFon() at C:\Рубцов Александр\multfilm-main\multfilm-main\main.cpp:5:

      3: void drawFon()
      4: {
=>    5:     txSetColor (TX_BLUE);
      6:     txSetFillColor (TX_BLUE);
      7:     txRectangle(0,0,800,600);

--------------------------------------------------
Developed with:

The Dumb Artist Library (TX Library)
TXLib [Ver: 00173a, Rev: 173, Date: 2024-06-23 22:37:05 +0400]
Copyright (C) Ded (Ilya Dedinsky, http://txlib.ru) <mail@txlib.ru>
See license on: http://txlib.ru

TXLib file:	c:\codeblocks\codeblocks\mingw\include\txlib.h
Compiled:	Oct 31 2024 10:25:19, GNU g++ 4.8.1, std=201103L, MinGW Runtime 3.20, 32-bit, DEBUG
Started:	Oct 31 2024 10:25:36

Run file:	C:\Рубцов Александр\multfilm-main\multfilm-main\bin\Debug\мультфильм алекс.exe
Directory:	C:\Рубцов Александр\multfilm-main\multfilm-main

--------------------------------------------------

--------------------------------------------------
TXLib соболезнует...

Программа: C:\Рубцов Александр\multfilm-main\multfilm-main\bin\Debug\мультфильм алекс.exe,

ВНЕЗАПНО: signal (22, 0x00): SIGABRT: Аварийное завершение программы, вызвана функция abort(). 

С помощью функции signal() вы можете сами обработать эту ошибку.

#1: TXLib [Ver: 00173a, Rev: 173, Date: 2024-06-23 22:37:05 +0400], Instance: 0x005072FC (32-bit), Flags: CMdre0, Thread: 0x2804 (Main). 

--------------------------------------------------
Стек вызовов:



--------------------------------------------------
Стек вызовов TX:

# 0 in int {anonymous}::TX::_txGetInput() at c:\codeblocks\codeblocks\mingw\include\txlib.h:9278:

   9276: #endif
   9277: 
=> 9278:     if (ch == 3 /* Ctrl+C */) {$ raise (SIGABRT); }
   9279: 
   9280: $   return ch;

# 1 in int {anonymous}::TX::txPause(const char*, ...) at c:\codeblocks\codeblocks\mingw\include\txlib.h:9212:

   9210: $   for (int i = 1; ; i++)  //-V2530
   9211:         {
=> 9212: $       Sleep (_txWindowUpdateInterval);
   9213: 
   9214:         if (!istty0 && !canvas)                   {$ break; }  // No need to run and hide

# 2 in void {anonymous}::TX::_txCleanup() at c:\codeblocks\codeblocks\mingw\include\txlib.h:9100:

   9098: $       if (console && isParentWaitable >= 0)
   9099:             {
=> 9100: $           txPause ((_txErrors)?               "\f\n" "[Press F to Pay Respects...]" :
   9101:                      (!canvas && _txIsTTY (0))? "\f\n" "[Нажмите любую клавишу для завершения]" : "\f");
   9102: 

# 3 in void {anonymous}::TX::_txOnCExit() at c:\codeblocks\codeblocks\mingw\include\txlib.h:8925:

   8923:     OutputDebugString ("\n");
   8924: 
=> 8925: $5  _txCleanup();
   8926: 
   8927:     _TX_CALLv (Win32::_cexit, ());

# 4 in int main() at C:\Рубцов Александр\multfilm-main\multfilm-main\main.cpp:101:

     99: 
    100: 
=>  101: txTextCursor (false);
    102: return 0;
    103: }

--------------------------------------------------
Developed with:

The Dumb Artist Library (TX Library)
TXLib [Ver: 00173a, Rev: 173, Date: 2024-06-23 22:37:05 +0400]
Copyright (C) Ded (Ilya Dedinsky, http://txlib.ru) <mail@txlib.ru>
See license on: http://txlib.ru

TXLib file:	c:\codeblocks\codeblocks\mingw\include\txlib.h
Compiled:	Oct 31 2024 10:27:08, GNU g++ 4.8.1, std=201103L, MinGW Runtime 3.20, 32-bit, DEBUG
Started:	Oct 31 2024 10:27:25

Run file:	C:\Рубцов Александр\multfilm-main\multfilm-main\bin\Debug\мультфильм алекс.exe
Directory:	C:\Рубцов Александр\multfilm-main\multfilm-main

--------------------------------------------------
